[0.029s] Invoking command in '/home/don/final Project/robotics/build/my_bot': CMAKE_PREFIX_PATH=/home/don/ros2_ws/install/robot_controllers:/home/don/ros2_ws/install/my_robot_controller:/opt/ros/humble /usr/bin/cmake --build /home/don/final Project/robotics/build/my_bot -- -j4 -l4
[0.361s] Invoked command in '/home/don/final Project/robotics/build/my_bot' returned '0': CMAKE_PREFIX_PATH=/home/don/ros2_ws/install/robot_controllers:/home/don/ros2_ws/install/my_robot_controller:/opt/ros/humble /usr/bin/cmake --build /home/don/final Project/robotics/build/my_bot -- -j4 -l4
[0.399s] Invoking command in '/home/don/final Project/robotics/build/my_bot': CMAKE_PREFIX_PATH=/home/don/ros2_ws/install/robot_controllers:/home/don/ros2_ws/install/my_robot_controller:/opt/ros/humble /usr/bin/cmake --install /home/don/final Project/robotics/build/my_bot
[0.410s] -- Install configuration: ""
[0.423s] -- Execute custom install script
[0.424s] -- Up-to-date symlink: /home/don/final Project/robotics/install/my_bot/share/my_bot/config/empty.yaml
[0.425s] -- Up-to-date symlink: /home/don/final Project/robotics/install/my_bot/share/my_bot/description/robot.urdf.xacro
[0.425s] -- Symlinking: /home/don/final Project/robotics/install/my_bot/share/my_bot/description/robot_core.xacro
[0.436s] -- Up-to-date symlink: /home/don/final Project/robotics/install/my_bot/share/my_bot/launch/rsp.launch.py
[0.437s] -- Up-to-date symlink: /home/don/final Project/robotics/install/my_bot/share/my_bot/worlds/empty.world
[0.437s] -- Up-to-date symlink: /home/don/final Project/robotics/install/my_bot/share/ament_index/resource_index/package_run_dependencies/my_bot
[0.437s] -- Up-to-date symlink: /home/don/final Project/robotics/install/my_bot/share/ament_index/resource_index/parent_prefix_path/my_bot
[0.438s] -- Up-to-date symlink: /home/don/final Project/robotics/install/my_bot/share/my_bot/environment/ament_prefix_path.sh
[0.438s] -- Up-to-date symlink: /home/don/final Project/robotics/install/my_bot/share/my_bot/environment/ament_prefix_path.dsv
[0.438s] -- Up-to-date symlink: /home/don/final Project/robotics/install/my_bot/share/my_bot/environment/path.sh
[0.439s] -- Up-to-date symlink: /home/don/final Project/robotics/install/my_bot/share/my_bot/environment/path.dsv
[0.439s] -- Up-to-date symlink: /home/don/final Project/robotics/install/my_bot/share/my_bot/local_setup.bash
[0.439s] -- Up-to-date symlink: /home/don/final Project/robotics/install/my_bot/share/my_bot/local_setup.sh
[0.440s] -- Up-to-date symlink: /home/don/final Project/robotics/install/my_bot/share/my_bot/local_setup.zsh
[0.440s] -- Up-to-date symlink: /home/don/final Project/robotics/install/my_bot/share/my_bot/local_setup.dsv
[0.440s] -- Symlinking: /home/don/final Project/robotics/install/my_bot/share/my_bot/package.dsv
[0.452s] -- Up-to-date symlink: /home/don/final Project/robotics/install/my_bot/share/ament_index/resource_index/packages/my_bot
[0.453s] -- Up-to-date symlink: /home/don/final Project/robotics/install/my_bot/share/my_bot/cmake/my_botConfig.cmake
[0.453s] -- Up-to-date symlink: /home/don/final Project/robotics/install/my_bot/share/my_bot/cmake/my_botConfig-version.cmake
[0.453s] -- Up-to-date symlink: /home/don/final Project/robotics/install/my_bot/share/my_bot/package.xml
[0.457s] Invoked command in '/home/don/final Project/robotics/build/my_bot' returned '0': CMAKE_PREFIX_PATH=/home/don/ros2_ws/install/robot_controllers:/home/don/ros2_ws/install/my_robot_controller:/opt/ros/humble /usr/bin/cmake --install /home/don/final Project/robotics/build/my_bot
