[0.767s] DEBUG:colcon:Command line arguments: ['/usr/bin/colcon', 'build', '--symlink-install']
[0.767s] DEBUG:colcon:Parsed command line arguments: Namespace(log_base=None, log_level=None, verb_name='build', build_base='build', install_base='install', merge_install=False, symlink_install=True, test_result_base=None, continue_on_error=False, executor='parallel', parallel_workers=4, event_handlers=None, ignore_user_meta=False, metas=['./colcon.meta'], base_paths=['.'], packages_ignore=None, packages_ignore_regex=None, paths=None, packages_up_to=None, packages_up_to_regex=None, packages_above=None, packages_above_and_dependencies=None, packages_above_depth=None, packages_select_by_dep=None, packages_skip_by_dep=None, packages_skip_up_to=None, packages_select_build_failed=False, packages_skip_build_finished=False, packages_select_test_failures=False, packages_skip_test_passed=False, packages_select=None, packages_skip=None, packages_select_regex=None, packages_skip_regex=None, packages_start=None, packages_end=None, allow_overriding=[], cmake_args=None, cmake_target=None, cmake_target_skip_unavailable=False, cmake_clean_cache=False, cmake_clean_first=False, cmake_force_configure=False, ament_cmake_args=None, catkin_cmake_args=None, catkin_skip_building_tests=False, verb_parser=<colcon_defaults.argument_parser.defaults.DefaultArgumentsDecorator object at 0x7f3396576f20>, verb_extension=<colcon_core.verb.build.BuildVerb object at 0x7f33965769b0>, main=<bound method BuildVerb.main of <colcon_core.verb.build.BuildVerb object at 0x7f33965769b0>>)
[0.827s] Level 1:colcon.colcon_core.package_discovery:discover_packages(colcon_meta) check parameters
[0.827s] Level 1:colcon.colcon_core.package_discovery:discover_packages(recursive) check parameters
[0.827s] Level 1:colcon.colcon_core.package_discovery:discover_packages(ignore) check parameters
[0.827s] Level 1:colcon.colcon_core.package_discovery:discover_packages(path) check parameters
[0.827s] Level 1:colcon.colcon_core.package_discovery:discover_packages(colcon_meta) discover
[0.827s] Level 1:colcon.colcon_core.package_discovery:discover_packages(recursive) discover
[0.827s] INFO:colcon.colcon_core.package_discovery:Crawling recursively for packages in '/home/don/final Project/robotics'
[0.828s] Level 1:colcon.colcon_core.package_identification:_identify(.) by extensions ['ignore', 'ignore_ament_install']
[0.828s] Level 1:colcon.colcon_core.package_identification:_identify(.) by extension 'ignore'
[0.828s] Level 1:colcon.colcon_core.package_identification:_identify(.) by extension 'ignore_ament_install'
[0.828s] Level 1:colcon.colcon_core.package_identification:_identify(.) by extensions ['colcon_pkg']
[0.828s] Level 1:colcon.colcon_core.package_identification:_identify(.) by extension 'colcon_pkg'
[0.828s] Level 1:colcon.colcon_core.package_identification:_identify(.) by extensions ['colcon_meta']
[0.828s] Level 1:colcon.colcon_core.package_identification:_identify(.) by extension 'colcon_meta'
[0.828s] Level 1:colcon.colcon_core.package_identification:_identify(.) by extensions ['ros']
[0.828s] Level 1:colcon.colcon_core.package_identification:_identify(.) by extension 'ros'
[0.848s] Level 1:colcon.colcon_core.package_identification:_identify(.) by extensions ['cmake', 'python']
[0.848s] Level 1:colcon.colcon_core.package_identification:_identify(.) by extension 'cmake'
[0.848s] Level 1:colcon.colcon_core.package_identification:_identify(.) by extension 'python'
[0.848s] Level 1:colcon.colcon_core.package_identification:_identify(.) by extensions ['python_setup_py']
[0.848s] Level 1:colcon.colcon_core.package_identification:_identify(.) by extension 'python_setup_py'
[0.848s] Level 1:colcon.colcon_core.package_identification:_identify(build) by extensions ['ignore', 'ignore_ament_install']
[0.849s] Level 1:colcon.colcon_core.package_identification:_identify(build) by extension 'ignore'
[0.849s] Level 1:colcon.colcon_core.package_identification:_identify(build) ignored
[0.849s] Level 1:colcon.colcon_core.package_identification:_identify(install) by extensions ['ignore', 'ignore_ament_install']
[0.849s] Level 1:colcon.colcon_core.package_identification:_identify(install) by extension 'ignore'
[0.849s] Level 1:colcon.colcon_core.package_identification:_identify(install) ignored
[0.849s] Level 1:colcon.colcon_core.package_identification:_identify(log) by extensions ['ignore', 'ignore_ament_install']
[0.849s] Level 1:colcon.colcon_core.package_identification:_identify(log) by extension 'ignore'
[0.849s] Level 1:colcon.colcon_core.package_identification:_identify(log) ignored
[0.849s] Level 1:colcon.colcon_core.package_identification:_identify(src) by extensions ['ignore', 'ignore_ament_install']
[0.850s] Level 1:colcon.colcon_core.package_identification:_identify(src) by extension 'ignore'
[0.850s] Level 1:colcon.colcon_core.package_identification:_identify(src) by extension 'ignore_ament_install'
[0.850s] Level 1:colcon.colcon_core.package_identification:_identify(src) by extensions ['colcon_pkg']
[0.850s] Level 1:colcon.colcon_core.package_identification:_identify(src) by extension 'colcon_pkg'
[0.850s] Level 1:colcon.colcon_core.package_identification:_identify(src) by extensions ['colcon_meta']
[0.850s] Level 1:colcon.colcon_core.package_identification:_identify(src) by extension 'colcon_meta'
[0.850s] Level 1:colcon.colcon_core.package_identification:_identify(src) by extensions ['ros']
[0.850s] Level 1:colcon.colcon_core.package_identification:_identify(src) by extension 'ros'
[0.854s] DEBUG:colcon.colcon_core.package_identification:Package 'src' with type 'ros.ament_cmake' and name 'my_bot'
[0.854s] Level 1:colcon.colcon_core.package_discovery:discover_packages(recursive) using defaults
[0.854s] Level 1:colcon.colcon_core.package_discovery:discover_packages(ignore) discover
[0.854s] Level 1:colcon.colcon_core.package_discovery:discover_packages(ignore) using defaults
[0.854s] Level 1:colcon.colcon_core.package_discovery:discover_packages(path) discover
[0.854s] Level 1:colcon.colcon_core.package_discovery:discover_packages(path) using defaults
[0.939s] Level 1:colcon.colcon_core.package_discovery:discover_packages(prefix_path) check parameters
[0.939s] Level 1:colcon.colcon_core.package_discovery:discover_packages(prefix_path) discover
[0.944s] DEBUG:colcon.colcon_installed_package_information.package_discovery:Found 1 installed packages in /home/don/final Project/robotics/install
[0.946s] DEBUG:colcon.colcon_installed_package_information.package_discovery:Found 2 installed packages in /home/don/ros2_ws/install
[0.949s] DEBUG:colcon.colcon_installed_package_information.package_discovery:Found 316 installed packages in /opt/ros/humble
[0.953s] Level 1:colcon.colcon_core.package_discovery:discover_packages(prefix_path) using defaults
[1.063s] Level 5:colcon.colcon_core.verb:set package 'my_bot' build argument 'cmake_args' from command line to 'None'
[1.064s] Level 5:colcon.colcon_core.verb:set package 'my_bot' build argument 'cmake_target' from command line to 'None'
[1.064s] Level 5:colcon.colcon_core.verb:set package 'my_bot' build argument 'cmake_target_skip_unavailable' from command line to 'False'
[1.064s] Level 5:colcon.colcon_core.verb:set package 'my_bot' build argument 'cmake_clean_cache' from command line to 'False'
[1.064s] Level 5:colcon.colcon_core.verb:set package 'my_bot' build argument 'cmake_clean_first' from command line to 'False'
[1.064s] Level 5:colcon.colcon_core.verb:set package 'my_bot' build argument 'cmake_force_configure' from command line to 'False'
[1.064s] Level 5:colcon.colcon_core.verb:set package 'my_bot' build argument 'ament_cmake_args' from command line to 'None'
[1.064s] Level 5:colcon.colcon_core.verb:set package 'my_bot' build argument 'catkin_cmake_args' from command line to 'None'
[1.064s] Level 5:colcon.colcon_core.verb:set package 'my_bot' build argument 'catkin_skip_building_tests' from command line to 'False'
[1.064s] DEBUG:colcon.colcon_core.verb:Building package 'my_bot' with the following arguments: {'ament_cmake_args': None, 'build_base': '/home/don/final Project/robotics/build/my_bot', 'catkin_cmake_args': None, 'catkin_skip_building_tests': False, 'cmake_args': None, 'cmake_clean_cache': False, 'cmake_clean_first': False, 'cmake_force_configure': False, 'cmake_target': None, 'cmake_target_skip_unavailable': False, 'install_base': '/home/don/final Project/robotics/install/my_bot', 'merge_install': False, 'path': '/home/don/final Project/robotics/src', 'symlink_install': True, 'test_result_base': None}
[1.066s] INFO:colcon.colcon_core.executor:Executing jobs using 'parallel' executor
[1.070s] DEBUG:colcon.colcon_parallel_executor.executor.parallel:run_until_complete
[1.071s] INFO:colcon.colcon_ros.task.ament_cmake.build:Building ROS package in '/home/don/final Project/robotics/src' with build type 'ament_cmake'
[1.071s] INFO:colcon.colcon_cmake.task.cmake.build:Building CMake package in '/home/don/final Project/robotics/src'
[1.079s] INFO:colcon.colcon_core.plugin_system:Skipping extension 'colcon_core.shell.bat': Not used on non-Windows systems
[1.079s] INFO:colcon.colcon_core.shell:Skip shell extension 'powershell' for command environment: Not usable outside of PowerShell
[1.079s] DEBUG:colcon.colcon_core.shell:Skip shell extension 'dsv' for command environment
[1.101s] DEBUG:colcon.colcon_core.event_handler.log_command:Invoking command in '/home/don/final Project/robotics/build/my_bot': CMAKE_PREFIX_PATH=${CMAKE_PREFIX_PATH}:/home/don/ros2_ws/install/robot_controllers:/home/don/ros2_ws/install/my_robot_controller:/opt/ros/humble /usr/bin/cmake --build /home/don/final Project/robotics/build/my_bot -- -j4 -l4
[1.152s] DEBUG:colcon.colcon_core.event_handler.log_command:Invoked command in '/home/don/final Project/robotics/build/my_bot' returned '0': CMAKE_PREFIX_PATH=${CMAKE_PREFIX_PATH}:/home/don/ros2_ws/install/robot_controllers:/home/don/ros2_ws/install/my_robot_controller:/opt/ros/humble /usr/bin/cmake --build /home/don/final Project/robotics/build/my_bot -- -j4 -l4
[1.193s] DEBUG:colcon.colcon_core.event_handler.log_command:Invoking command in '/home/don/final Project/robotics/build/my_bot': CMAKE_PREFIX_PATH=${CMAKE_PREFIX_PATH}:/home/don/ros2_ws/install/robot_controllers:/home/don/ros2_ws/install/my_robot_controller:/opt/ros/humble /usr/bin/cmake --install /home/don/final Project/robotics/build/my_bot
[1.237s] Level 1:colcon.colcon_core.environment:create_environment_scripts_only(my_bot)
[1.238s] DEBUG:colcon.colcon_core.event_handler.log_command:Invoked command in '/home/don/final Project/robotics/build/my_bot' returned '0': CMAKE_PREFIX_PATH=${CMAKE_PREFIX_PATH}:/home/don/ros2_ws/install/robot_controllers:/home/don/ros2_ws/install/my_robot_controller:/opt/ros/humble /usr/bin/cmake --install /home/don/final Project/robotics/build/my_bot
[1.245s] Level 1:colcon.colcon_core.environment:checking '/home/don/final Project/robotics/install/my_bot' for CMake module files
[1.245s] Level 1:colcon.colcon_core.environment:checking '/home/don/final Project/robotics/install/my_bot' for CMake config files
[1.246s] Level 1:colcon.colcon_core.shell:create_environment_hook('my_bot', 'cmake_prefix_path')
[1.248s] INFO:colcon.colcon_core.shell:Creating environment hook '/home/don/final Project/robotics/install/my_bot/share/my_bot/hook/cmake_prefix_path.ps1'
[1.249s] INFO:colcon.colcon_core.shell:Creating environment descriptor '/home/don/final Project/robotics/install/my_bot/share/my_bot/hook/cmake_prefix_path.dsv'
[1.249s] INFO:colcon.colcon_core.shell:Creating environment hook '/home/don/final Project/robotics/install/my_bot/share/my_bot/hook/cmake_prefix_path.sh'
[1.251s] Level 1:colcon.colcon_core.environment:checking '/home/don/final Project/robotics/install/my_bot/bin'
[1.251s] Level 1:colcon.colcon_core.environment:checking '/home/don/final Project/robotics/install/my_bot/lib/pkgconfig/my_bot.pc'
[1.251s] Level 1:colcon.colcon_core.environment:checking '/home/don/final Project/robotics/install/my_bot/lib/python3.10/site-packages'
[1.251s] Level 1:colcon.colcon_core.environment:checking '/home/don/final Project/robotics/install/my_bot/bin'
[1.253s] INFO:colcon.colcon_core.shell:Creating package script '/home/don/final Project/robotics/install/my_bot/share/my_bot/package.ps1'
[1.254s] INFO:colcon.colcon_core.shell:Creating package descriptor '/home/don/final Project/robotics/install/my_bot/share/my_bot/package.dsv'
[1.255s] INFO:colcon.colcon_core.shell:Creating package script '/home/don/final Project/robotics/install/my_bot/share/my_bot/package.sh'
[1.258s] INFO:colcon.colcon_core.shell:Creating package script '/home/don/final Project/robotics/install/my_bot/share/my_bot/package.bash'
[1.259s] INFO:colcon.colcon_core.shell:Creating package script '/home/don/final Project/robotics/install/my_bot/share/my_bot/package.zsh'
[1.260s] Level 1:colcon.colcon_core.environment:create_file_with_runtime_dependencies(/home/don/final Project/robotics/install/my_bot/share/colcon-core/packages/my_bot)
[1.289s] Level 1:colcon.colcon_core.environment:create_environment_scripts_only(my_bot)
[1.292s] Level 1:colcon.colcon_core.environment:checking '/home/don/final Project/robotics/install/my_bot' for CMake module files
[1.294s] Level 1:colcon.colcon_core.environment:checking '/home/don/final Project/robotics/install/my_bot' for CMake config files
[1.294s] Level 1:colcon.colcon_core.shell:create_environment_hook('my_bot', 'cmake_prefix_path')
[1.296s] INFO:colcon.colcon_core.shell:Creating environment hook '/home/don/final Project/robotics/install/my_bot/share/my_bot/hook/cmake_prefix_path.ps1'
[1.297s] INFO:colcon.colcon_core.shell:Creating environment descriptor '/home/don/final Project/robotics/install/my_bot/share/my_bot/hook/cmake_prefix_path.dsv'
[1.298s] INFO:colcon.colcon_core.shell:Creating environment hook '/home/don/final Project/robotics/install/my_bot/share/my_bot/hook/cmake_prefix_path.sh'
[1.299s] Level 1:colcon.colcon_core.environment:checking '/home/don/final Project/robotics/install/my_bot/bin'
[1.299s] Level 1:colcon.colcon_core.environment:checking '/home/don/final Project/robotics/install/my_bot/lib/pkgconfig/my_bot.pc'
[1.300s] Level 1:colcon.colcon_core.environment:checking '/home/don/final Project/robotics/install/my_bot/lib/python3.10/site-packages'
[1.301s] Level 1:colcon.colcon_core.environment:checking '/home/don/final Project/robotics/install/my_bot/bin'
[1.304s] INFO:colcon.colcon_core.shell:Creating package script '/home/don/final Project/robotics/install/my_bot/share/my_bot/package.ps1'
[1.305s] INFO:colcon.colcon_core.shell:Creating package descriptor '/home/don/final Project/robotics/install/my_bot/share/my_bot/package.dsv'
[1.305s] INFO:colcon.colcon_core.shell:Creating package script '/home/don/final Project/robotics/install/my_bot/share/my_bot/package.sh'
[1.306s] INFO:colcon.colcon_core.shell:Creating package script '/home/don/final Project/robotics/install/my_bot/share/my_bot/package.bash'
[1.307s] INFO:colcon.colcon_core.shell:Creating package script '/home/don/final Project/robotics/install/my_bot/share/my_bot/package.zsh'
[1.307s] Level 1:colcon.colcon_core.environment:create_file_with_runtime_dependencies(/home/don/final Project/robotics/install/my_bot/share/colcon-core/packages/my_bot)
[1.308s] DEBUG:colcon.colcon_parallel_executor.executor.parallel:closing loop
[1.308s] DEBUG:colcon.colcon_parallel_executor.executor.parallel:loop closed
[1.308s] DEBUG:colcon.colcon_parallel_executor.executor.parallel:run_until_complete finished with '0'
[1.308s] DEBUG:colcon.colcon_core.event_reactor:joining thread
[1.316s] INFO:colcon.colcon_core.plugin_system:Skipping extension 'colcon_notification.desktop_notification.terminal_notifier': Not used on non-Darwin systems
[1.317s] INFO:colcon.colcon_core.plugin_system:Skipping extension 'colcon_notification.desktop_notification.win32': Not used on non-Windows systems
[1.317s] INFO:colcon.colcon_notification.desktop_notification:Sending desktop notification using 'notify2'
[1.339s] DEBUG:colcon.colcon_core.event_reactor:joined thread
[1.341s] INFO:colcon.colcon_core.shell:Creating prefix script '/home/don/final Project/robotics/install/local_setup.ps1'
[1.343s] INFO:colcon.colcon_core.shell:Creating prefix util module '/home/don/final Project/robotics/install/_local_setup_util_ps1.py'
[1.345s] INFO:colcon.colcon_core.shell:Creating prefix chain script '/home/don/final Project/robotics/install/setup.ps1'
[1.348s] INFO:colcon.colcon_core.shell:Creating prefix script '/home/don/final Project/robotics/install/local_setup.sh'
[1.349s] INFO:colcon.colcon_core.shell:Creating prefix util module '/home/don/final Project/robotics/install/_local_setup_util_sh.py'
[1.350s] INFO:colcon.colcon_core.shell:Creating prefix chain script '/home/don/final Project/robotics/install/setup.sh'
[1.354s] INFO:colcon.colcon_core.shell:Creating prefix script '/home/don/final Project/robotics/install/local_setup.bash'
[1.355s] INFO:colcon.colcon_core.shell:Creating prefix chain script '/home/don/final Project/robotics/install/setup.bash'
[1.358s] INFO:colcon.colcon_core.shell:Creating prefix script '/home/don/final Project/robotics/install/local_setup.zsh'
[1.360s] INFO:colcon.colcon_core.shell:Creating prefix chain script '/home/don/final Project/robotics/install/setup.zsh'
