[0.048s] Invoking command in '/home/don/final Project/robotics/build/my_bot': CMAKE_PREFIX_PATH=/home/don/ros2_ws/install/robot_controllers:/home/don/ros2_ws/install/my_robot_controller:/opt/ros/humble /usr/bin/cmake /home/don/final Project/robotics/src -DAMENT_CMAKE_SYMLINK_INSTALL=1 -DCMAKE_INSTALL_PREFIX=/home/don/final Project/robotics/install/my_bot
[1.028s] -- The C compiler identification is GNU 11.3.0
[1.570s] -- The CXX compiler identification is GNU 11.3.0
[1.593s] -- Detecting C compiler ABI info
[1.759s] -- Detecting C compiler ABI info - done
[1.770s] -- Check for working C compiler: /usr/bin/cc - skipped
[1.771s] -- Detecting C compile features
[1.784s] -- Detecting C compile features - done
[1.812s] -- Detecting CXX compiler ABI info
[1.963s] -- Detecting CXX compiler ABI info - done
[1.975s] -- Check for working CXX compiler: /usr/bin/c++ - skipped
[1.976s] -- Detecting CXX compile features
[1.977s] -- Detecting CXX compile features - done
[2.024s] -- Found ament_cmake: 1.3.4 (/opt/ros/humble/share/ament_cmake/cmake)
[2.392s] -- Found Python3: /usr/bin/python3.10 (found version "3.10.6") found components: Interpreter 
[2.625s] -- Override CMake install command with custom implementation using symlinks instead of copying resources
[2.920s] -- Found ament_lint_auto: 0.12.6 (/opt/ros/humble/share/ament_lint_auto/cmake)
[3.388s] -- Added test 'copyright' to check source files copyright and LICENSE
[3.428s] -- Added test 'flake8' to check Python code syntax and style conventions
[3.446s] -- Added test 'lint_cmake' to check CMake code style
[3.460s] -- Added test 'pep257' to check Python code against some of the docstring style conventions in PEP 257
[3.479s] -- Added test 'xmllint' to check XML markup files
[3.487s] -- Configuring done
[3.500s] -- Generating done
[3.503s] -- Build files have been written to: /home/don/final Project/robotics/build/my_bot
[3.516s] Invoked command in '/home/don/final Project/robotics/build/my_bot' returned '0': CMAKE_PREFIX_PATH=/home/don/ros2_ws/install/robot_controllers:/home/don/ros2_ws/install/my_robot_controller:/opt/ros/humble /usr/bin/cmake /home/don/final Project/robotics/src -DAMENT_CMAKE_SYMLINK_INSTALL=1 -DCMAKE_INSTALL_PREFIX=/home/don/final Project/robotics/install/my_bot
[3.520s] Invoking command in '/home/don/final Project/robotics/build/my_bot': CMAKE_PREFIX_PATH=/home/don/ros2_ws/install/robot_controllers:/home/don/ros2_ws/install/my_robot_controller:/opt/ros/humble /usr/bin/cmake --build /home/don/final Project/robotics/build/my_bot -- -j4 -l4
[3.571s] Invoked command in '/home/don/final Project/robotics/build/my_bot' returned '0': CMAKE_PREFIX_PATH=/home/don/ros2_ws/install/robot_controllers:/home/don/ros2_ws/install/my_robot_controller:/opt/ros/humble /usr/bin/cmake --build /home/don/final Project/robotics/build/my_bot -- -j4 -l4
[3.608s] Invoking command in '/home/don/final Project/robotics/build/my_bot': CMAKE_PREFIX_PATH=/home/don/ros2_ws/install/robot_controllers:/home/don/ros2_ws/install/my_robot_controller:/opt/ros/humble /usr/bin/cmake --install /home/don/final Project/robotics/build/my_bot
[3.617s] -- Install configuration: ""
[3.617s] -- Execute custom install script
[3.618s] -- Symlinking: /home/don/final Project/robotics/install/my_bot/share/my_bot/config/empty.yaml
[3.629s] -- Symlinking: /home/don/final Project/robotics/install/my_bot/share/my_bot/description/robot.urdf.xacro
[3.643s] -- Symlinking: /home/don/final Project/robotics/install/my_bot/share/my_bot/launch/rsp.launch.py
[3.655s] -- Symlinking: /home/don/final Project/robotics/install/my_bot/share/my_bot/worlds/empty.world
[3.665s] -- Symlinking: /home/don/final Project/robotics/install/my_bot/share/ament_index/resource_index/package_run_dependencies/my_bot
[3.676s] -- Symlinking: /home/don/final Project/robotics/install/my_bot/share/ament_index/resource_index/parent_prefix_path/my_bot
[3.686s] -- Symlinking: /home/don/final Project/robotics/install/my_bot/share/my_bot/environment/ament_prefix_path.sh
[3.696s] -- Symlinking: /home/don/final Project/robotics/install/my_bot/share/my_bot/environment/ament_prefix_path.dsv
[3.707s] -- Symlinking: /home/don/final Project/robotics/install/my_bot/share/my_bot/environment/path.sh
[3.718s] -- Symlinking: /home/don/final Project/robotics/install/my_bot/share/my_bot/environment/path.dsv
[3.728s] -- Symlinking: /home/don/final Project/robotics/install/my_bot/share/my_bot/local_setup.bash
[3.740s] -- Symlinking: /home/don/final Project/robotics/install/my_bot/share/my_bot/local_setup.sh
[3.750s] -- Symlinking: /home/don/final Project/robotics/install/my_bot/share/my_bot/local_setup.zsh
[3.760s] -- Symlinking: /home/don/final Project/robotics/install/my_bot/share/my_bot/local_setup.dsv
[3.771s] -- Symlinking: /home/don/final Project/robotics/install/my_bot/share/my_bot/package.dsv
[3.781s] -- Symlinking: /home/don/final Project/robotics/install/my_bot/share/ament_index/resource_index/packages/my_bot
[3.792s] -- Symlinking: /home/don/final Project/robotics/install/my_bot/share/my_bot/cmake/my_botConfig.cmake
[3.803s] -- Symlinking: /home/don/final Project/robotics/install/my_bot/share/my_bot/cmake/my_botConfig-version.cmake
[3.813s] -- Symlinking: /home/don/final Project/robotics/install/my_bot/share/my_bot/package.xml
[3.826s] Invoked command in '/home/don/final Project/robotics/build/my_bot' returned '0': CMAKE_PREFIX_PATH=/home/don/ros2_ws/install/robot_controllers:/home/don/ros2_ws/install/my_robot_controller:/opt/ros/humble /usr/bin/cmake --install /home/don/final Project/robotics/build/my_bot
